#
# There is insufficient memory for the Java Runtime Environment to continue.
# Native memory allocation (malloc) failed to allocate 144976 bytes for Chunk::new
# Possible reasons:
#   The system is out of physical RAM or swap space
#   The process is running with CompressedOops enabled, and the Java Heap may be blocking the growth of the native heap
# Possible solutions:
#   Reduce memory load on the system
#   Increase physical memory or swap space
#   Check if swap backing store is full
#   Decrease Java heap size (-Xmx/-Xms)
#   Decrease number of Java threads
#   Decrease Java thread stack sizes (-Xss)
#   Set larger code cache with -XX:ReservedCodeCacheSize=
#   JVM is running with Unscaled Compressed Oops mode in which the Java heap is
#     placed in the first 4GB address space. The Java Heap base address is the
#     maximum limit for the native heap growth. Please use -XX:HeapBaseMinAddress
#     to set the Java Heap base and to place the Java Heap above 4GB virtual address.
# This output file may be truncated or incomplete.
#
#  Out of Memory Error (allocation.cpp:389), pid=15084, tid=0x00000000000033e8
#
# JRE version: OpenJDK Runtime Environment (8.0_242-b01) (build 1.8.0_242-release-1644-b01)
# Java VM: OpenJDK 64-Bit Server VM (25.242-b01 mixed mode windows-amd64 compressed oops)
# Failed to write core dump. Minidumps are not enabled by default on client versions of Windows
#

---------------  T H R E A D  ---------------

Current thread (0x0000000015d6b800):  JavaThread "C2 CompilerThread1" daemon [_thread_in_native, id=13288, stack(0x0000000018550000,0x0000000018650000)]

Stack: [0x0000000018550000,0x0000000018650000]
[error occurred during error reporting (printing stack bounds), id 0xc0000005]

Native frames: (J=compiled Java code, j=interpreted, Vv=VM code, C=native code)


Current CompileTask:
C2:  69116 17934       4       com.android.tools.r8.graph.g0::a (141 bytes)


---------------  P R O C E S S  ---------------

Java Threads: ( => current thread )
  0x000000001ac12800 JavaThread "WorkerExecutor Queue Thread 13" [_thread_blocked, id=9068, stack(0x000000002ecf0000,0x000000002edf0000)]
  0x000000001ac0e000 JavaThread "WorkerExecutor Queue Thread 12" [_thread_in_Java, id=54152, stack(0x000000002ebf0000,0x000000002ecf0000)]
  0x000000001ac0d000 JavaThread "WorkerExecutor Queue Thread 11" [_thread_in_Java, id=54156, stack(0x000000002d810000,0x000000002d910000)]
  0x000000001ac11000 JavaThread "WorkerExecutor Queue Thread 10" [_thread_in_Java, id=53896, stack(0x000000002cde0000,0x000000002cee0000)]
  0x000000001ac0c800 JavaThread "WorkerExecutor Queue Thread 9" [_thread_in_native, id=16900, stack(0x000000002c7e0000,0x000000002c8e0000)]
  0x0000000018be1000 JavaThread "Cache worker for Java compile cache (C:\Users\MD ZAKARIA\AndroidStudioProjects\UrbaneraLtd\.gradle\6.5\javaCompile)" [_thread_blocked, id=11888, stack(0x000000002b310000,0x000000002b410000)]
  0x000000001aa40000 JavaThread "Cache worker for Java compile cache (C:\Users\MD ZAKARIA\.gradle\caches\6.5\javaCompile)" [_thread_blocked, id=32760, stack(0x000000002b510000,0x000000002b610000)]
  0x000000001aa38800 JavaThread "stdout" [_thread_in_native, id=11572, stack(0x000000002e8f0000,0x000000002e9f0000)]
  0x000000001aa3f000 JavaThread "stderr" [_thread_in_native, id=21416, stack(0x000000002e1a0000,0x000000002e2a0000)]
  0x000000001aa37800 JavaThread "stdout" [_thread_in_native, id=9424, stack(0x000000002de60000,0x000000002df60000)]
  0x000000001aa3e800 JavaThread "stderr" [_thread_in_native, id=16800, stack(0x000000002dd60000,0x000000002de60000)]
  0x000000001aa37000 JavaThread "stdout" [_thread_in_native, id=664, stack(0x000000002dc60000,0x000000002dd60000)]
  0x000000001aa3d800 JavaThread "stderr" [_thread_in_native, id=23308, stack(0x000000002db60000,0x000000002dc60000)]
  0x000000001f3d6000 JavaThread "stdout" [_thread_in_native, id=7388, stack(0x000000002da60000,0x000000002db60000)]
  0x000000001f3ce800 JavaThread "stderr" [_thread_in_native, id=292, stack(0x000000002d960000,0x000000002da60000)]
  0x000000001f3d5800 JavaThread "stdout" [_thread_in_native, id=1516, stack(0x000000002d710000,0x000000002d810000)]
  0x000000001f3ce000 JavaThread "stderr" [_thread_in_native, id=4528, stack(0x000000002d610000,0x000000002d710000)]
  0x000000001f3d4800 JavaThread "stdout" [_thread_in_native, id=8500, stack(0x000000002d510000,0x000000002d610000)]
  0x000000001f3d4000 JavaThread "stderr" [_thread_in_native, id=6452, stack(0x000000002d410000,0x000000002d510000)]
  0x000000001f3cc800 JavaThread "stdout" [_thread_in_native, id=19664, stack(0x000000002d310000,0x000000002d410000)]
  0x000000001f3d0000 JavaThread "stderr" [_thread_in_native, id=16580, stack(0x000000002cfe0000,0x000000002d0e0000)]
  0x000000001f3cf800 JavaThread "stdout" [_thread_in_native, id=12388, stack(0x000000002d210000,0x000000002d310000)]
  0x000000001f3d2800 JavaThread "stderr" [_thread_in_native, id=20996, stack(0x000000002d110000,0x000000002d210000)]
  0x000000001f3d3000 JavaThread "pool-4-thread-1" [_thread_blocked, id=12700, stack(0x000000002cee0000,0x000000002cfe0000)]
  0x000000001f3cb000 JavaThread "WorkerExecutor Queue Thread 6" [_thread_blocked, id=17468, stack(0x000000002c6e0000,0x000000002c7e0000)]
  0x000000001f3c8800 JavaThread "WorkerExecutor Queue Thread 5" [_thread_in_Java, id=22796, stack(0x000000002b610000,0x000000002b710000)]
  0x000000002a4b2000 JavaThread "WorkerExecutor Queue Thread 3" [_thread_in_native, id=20976, stack(0x000000002b410000,0x000000002b510000)]
  0x000000002a4b0800 JavaThread "WorkerExecutor Queue" [_thread_in_Java, id=4100, stack(0x000000002b210000,0x000000002b310000)]
  0x000000002a4b3800 JavaThread "Cache worker for execution history cache (C:\Users\MD ZAKARIA\AndroidStudioProjects\UrbaneraLtd\.gradle\6.5\executionHistory)" [_thread_blocked, id=940, stack(0x000000002afd0000,0x000000002b0d0000)]
  0x000000002a4ad800 JavaThread "Execution worker for ':' Thread 7" [_thread_blocked, id=12572, stack(0x000000002aed0000,0x000000002afd0000)]
  0x000000002a4ae000 JavaThread "Execution worker for ':' Thread 6" [_thread_blocked, id=15652, stack(0x000000002add0000,0x000000002aed0000)]
  0x000000002a4b4000 JavaThread "Execution worker for ':' Thread 5" [_thread_blocked, id=3484, stack(0x000000002acd0000,0x000000002add0000)]
  0x000000002a4af000 JavaThread "Execution worker for ':' Thread 4" [_thread_blocked, id=20560, stack(0x000000002abd0000,0x000000002acd0000)]
  0x000000002a4a6000 JavaThread "Execution worker for ':' Thread 3" [_thread_blocked, id=22280, stack(0x000000002aad0000,0x000000002abd0000)]
  0x000000002a4ac800 JavaThread "Execution worker for ':' Thread 2" [_thread_blocked, id=18400, stack(0x000000002a7d0000,0x000000002a8d0000)]
  0x000000002a4a5000 JavaThread "Execution worker for ':'" [_thread_blocked, id=28804, stack(0x0000000027e50000,0x0000000027f50000)]
  0x000000002a4a9000 JavaThread "Cache worker for file content cache (C:\Users\MD ZAKARIA\AndroidStudioProjects\UrbaneraLtd\.gradle\6.5\fileContent)" [_thread_blocked, id=9380, stack(0x0000000027d50000,0x0000000027e50000)]
  0x000000002a4a7800 JavaThread "Cache worker for Build Output Cleanup Cache (C:\Users\MD ZAKARIA\AndroidStudioProjects\UrbaneraLtd\.gradle\buildOutputCleanup)" [_thread_blocked, id=29624, stack(0x0000000021c80000,0x0000000021d80000)]
  0x000000002a4aa800 JavaThread "Build operations Thread 8" [_thread_blocked, id=19604, stack(0x0000000021b80000,0x0000000021c80000)]
  0x000000002a4a8000 JavaThread "Build operations Thread 7" [_thread_blocked, id=2796, stack(0x0000000021a80000,0x0000000021b80000)]
  0x000000002a4ac000 JavaThread "Build operations Thread 6" [_thread_blocked, id=13096, stack(0x0000000021980000,0x0000000021a80000)]
  0x000000001f867800 JavaThread "Build operations Thread 5" [_thread_blocked, id=14116, stack(0x0000000021880000,0x0000000021980000)]
  0x000000001f866000 JavaThread "Build operations Thread 4" [_thread_blocked, id=6572, stack(0x0000000021780000,0x0000000021880000)]
  0x000000001f865800 JavaThread "Build operations Thread 3" [_thread_blocked, id=28092, stack(0x0000000021680000,0x0000000021780000)]
  0x000000001f864800 JavaThread "Build operations Thread 2" [_thread_blocked, id=4764, stack(0x0000000021580000,0x0000000021680000)]
  0x000000001f86a000 JavaThread "Build operations" [_thread_blocked, id=4084, stack(0x0000000020580000,0x0000000020680000)]
  0x000000001f869000 JavaThread "Cache worker for cache directory md-rule (C:\Users\MD ZAKARIA\.gradle\caches\6.5\md-rule)" [_thread_blocked, id=10188, stack(0x0000000020480000,0x0000000020580000)]
  0x000000001f85e000 JavaThread "Cache worker for cache directory md-supplier (C:\Users\MD ZAKARIA\.gradle\caches\6.5\md-supplier)" [_thread_blocked, id=10736, stack(0x000000001f0d0000,0x000000001f1d0000)]
  0x000000001f85d000 JavaThread "Cache worker for checksums cache (C:\Users\MD ZAKARIA\AndroidStudioProjects\UrbaneraLtd\.gradle\checksums)" [_thread_blocked, id=19460, stack(0x000000001df40000,0x000000001e040000)]
  0x000000001f864000 JavaThread "Cache worker for file hash cache (C:\Users\MD ZAKARIA\AndroidStudioProjects\UrbaneraLtd\.gradle\6.5\fileHashes)" [_thread_blocked, id=13072, stack(0x000000001c570000,0x000000001c670000)]
  0x000000001f85c800 JavaThread "Thread-142" [_thread_blocked, id=2484, stack(0x000000001c170000,0x000000001c270000)]
  0x000000001f863000 JavaThread "Stdin handler" [_thread_blocked, id=7332, stack(0x000000001c070000,0x000000001c170000)]
  0x000000001f861000 JavaThread "Asynchronous log dispatcher for DefaultDaemonConnection: socket connection from /127.0.0.1:51866 to /127.0.0.1:51897" [_thread_blocked, id=17636, stack(0x0000000001500000,0x0000000001600000)]
  0x000000001f85f800 JavaThread "Cancel handler" [_thread_blocked, id=5660, stack(0x0000000001400000,0x0000000001500000)]
  0x000000001f862800 JavaThread "Handler for socket connection from /127.0.0.1:51866 to /127.0.0.1:51897" [_thread_in_native, id=15956, stack(0x0000000001300000,0x0000000001400000)]
  0x000000002a4ab000 JavaThread "MarlinRenderer Disposer" daemon [_thread_blocked, id=22472, stack(0x000000002cce0000,0x000000002cde0000)]
  0x000000002a4a6800 JavaThread "Java2D Disposer" daemon [_thread_blocked, id=45728, stack(0x000000002cae0000,0x000000002cbe0000)]
  0x000000001f3cb800 JavaThread "Memory manager" [_thread_blocked, id=46036, stack(0x00000000235d0000,0x00000000236d0000)]
  0x000000001f3c9800 JavaThread "jar transforms Thread 92" [_thread_blocked, id=14568, stack(0x0000000027c50000,0x0000000027d50000)]
  0x000000001f7b4000 JavaThread "jar transforms Thread 91" [_thread_blocked, id=22432, stack(0x0000000027b50000,0x0000000027c50000)]
  0x000000001f7b0800 JavaThread "jar transforms Thread 90" [_thread_blocked, id=14916, stack(0x0000000027a50000,0x0000000027b50000)]
  0x000000001f7b2000 JavaThread "jar transforms Thread 89" [_thread_blocked, id=47864, stack(0x0000000027950000,0x0000000027a50000)]
  0x000000001f7b3800 JavaThread "jar transforms Thread 88" [_thread_blocked, id=18944, stack(0x0000000027850000,0x0000000027950000)]
  0x000000001f7b1000 JavaThread "jar transforms Thread 87" [_thread_blocked, id=22084, stack(0x0000000027750000,0x0000000027850000)]
  0x000000001f7ae000 JavaThread "jar transforms Thread 86" [_thread_blocked, id=15604, stack(0x0000000027650000,0x0000000027750000)]
  0x000000001f7b2800 JavaThread "jar transforms Thread 85" [_thread_blocked, id=10260, stack(0x0000000027550000,0x0000000027650000)]
  0x000000001f7b5000 JavaThread "jar transforms Thread 84" [_thread_blocked, id=19600, stack(0x0000000027450000,0x0000000027550000)]
  0x000000001f7af800 JavaThread "jar transforms Thread 83" [_thread_blocked, id=45828, stack(0x0000000027350000,0x0000000027450000)]
  0x000000001f7af000 JavaThread "jar transforms Thread 82" [_thread_blocked, id=272, stack(0x0000000027250000,0x0000000027350000)]
  0x000000001f7a6800 JavaThread "jar transforms Thread 81" [_thread_blocked, id=41560, stack(0x0000000027150000,0x0000000027250000)]
  0x000000001f7ad800 JavaThread "jar transforms Thread 80" [_thread_blocked, id=7940, stack(0x0000000027050000,0x0000000027150000)]
  0x000000001f7ac800 JavaThread "jar transforms Thread 79" [_thread_blocked, id=13200, stack(0x0000000026f50000,0x0000000027050000)]
  0x000000001f7ab000 JavaThread "jar transforms Thread 78" [_thread_blocked, id=18364, stack(0x0000000026e50000,0x0000000026f50000)]
  0x000000001f7aa800 JavaThread "jar transforms Thread 77" [_thread_blocked, id=14092, stack(0x0000000026d50000,0x0000000026e50000)]
  0x000000001f7ac000 JavaThread "jar transforms Thread 76" [_thread_blocked, id=10000, stack(0x0000000026c50000,0x0000000026d50000)]
  0x000000001f7a9000 JavaThread "jar transforms Thread 75" [_thread_blocked, id=7184, stack(0x0000000026b50000,0x0000000026c50000)]
  0x000000001f7a7800 JavaThread "jar transforms Thread 74" [_thread_blocked, id=18176, stack(0x0000000026a50000,0x0000000026b50000)]
  0x000000001f7a5800 JavaThread "jar transforms Thread 73" [_thread_blocked, id=16124, stack(0x0000000026950000,0x0000000026a50000)]
  0x000000001f7a9800 JavaThread "jar transforms Thread 72" [_thread_blocked, id=10928, stack(0x0000000026850000,0x0000000026950000)]
  0x000000001f7a8000 JavaThread "jar transforms Thread 71" [_thread_blocked, id=17360, stack(0x0000000026750000,0x0000000026850000)]
  0x000000001a7bd000 JavaThread "jar transforms Thread 70" [_thread_blocked, id=7948, stack(0x0000000026650000,0x0000000026750000)]
  0x000000001a7bc800 JavaThread "jar transforms Thread 69" [_thread_blocked, id=8936, stack(0x0000000026550000,0x0000000026650000)]
  0x000000001a7bb800 JavaThread "jar transforms Thread 68" [_thread_blocked, id=8032, stack(0x0000000026450000,0x0000000026550000)]
  0x000000001a7bb000 JavaThread "jar transforms Thread 67" [_thread_blocked, id=21988, stack(0x0000000026350000,0x0000000026450000)]
  0x000000001a7ba000 JavaThread "jar transforms Thread 66" [_thread_blocked, id=23072, stack(0x0000000026250000,0x0000000026350000)]
  0x000000001a7b8000 JavaThread "jar transforms Thread 65" [_thread_blocked, id=22748, stack(0x0000000026150000,0x0000000026250000)]
  0x000000001a7b9800 JavaThread "jar transforms Thread 64" [_thread_blocked, id=3952, stack(0x0000000026050000,0x0000000026150000)]
  0x000000001a7b7000 JavaThread "jar transforms Thread 63" [_thread_blocked, id=22540, stack(0x0000000025f50000,0x0000000026050000)]
  0x000000001a7b8800 JavaThread "jar transforms Thread 62" [_thread_blocked, id=14456, stack(0x0000000025e50000,0x0000000025f50000)]
  0x000000001a7b2000 JavaThread "jar transforms Thread 61" [_thread_blocked, id=1436, stack(0x0000000025d50000,0x0000000025e50000)]
  0x000000001a7b3800 JavaThread "jar transforms Thread 60" [_thread_blocked, id=16060, stack(0x0000000025c50000,0x0000000025d50000)]
  0x000000001a7b1000 JavaThread "jar transforms Thread 59" [_thread_blocked, id=19652, stack(0x0000000025b50000,0x0000000025c50000)]
  0x000000001a7b2800 JavaThread "jar transforms Thread 58" [_thread_blocked, id=18516, stack(0x0000000025a50000,0x0000000025b50000)]
  0x000000001a7b6800 JavaThread "jar transforms Thread 57" [_thread_blocked, id=13956, stack(0x0000000025950000,0x0000000025a50000)]
  0x000000001a7b0800 JavaThread "jar transforms Thread 56" [_thread_blocked, id=14816, stack(0x0000000025850000,0x0000000025950000)]
  0x000000001a7af000 JavaThread "jar transforms Thread 55" [_thread_blocked, id=7548, stack(0x0000000025750000,0x0000000025850000)]
  0x000000001a7b5000 JavaThread "jar transforms Thread 54" [_thread_blocked, id=21160, stack(0x0000000025650000,0x0000000025750000)]
  0x000000001a7af800 JavaThread "jar transforms Thread 53" [_thread_blocked, id=47536, stack(0x0000000025550000,0x0000000025650000)]
  0x000000001a7b5800 JavaThread "jar transforms Thread 52" [_thread_blocked, id=50100, stack(0x0000000025450000,0x0000000025550000)]
  0x000000001a7b4000 JavaThread "jar transforms Thread 51" [_thread_blocked, id=22444, stack(0x0000000025350000,0x0000000025450000)]
  0x000000001a7ae000 JavaThread "jar transforms Thread 50" [_thread_blocked, id=50172, stack(0x0000000025250000,0x0000000025350000)]
  0x000000001ea4a000 JavaThread "jar transforms Thread 49" [_thread_blocked, id=20724, stack(0x0000000025150000,0x0000000025250000)]
  0x000000001ea49000 JavaThread "jar transforms Thread 48" [_thread_blocked, id=7904, stack(0x0000000025050000,0x0000000025150000)]
  0x000000001ea48800 JavaThread "jar transforms Thread 47" [_thread_blocked, id=48408, stack(0x0000000024f50000,0x0000000025050000)]
  0x000000001ea47800 JavaThread "jar transforms Thread 46" [_thread_blocked, id=8664, stack(0x0000000024e50000,0x0000000024f50000)]
  0x000000001ea46000 JavaThread "jar transforms Thread 45" [_thread_blocked, id=15532, stack(0x0000000024d50000,0x0000000024e50000)]
  0x000000001ea47000 JavaThread "jar transforms Thread 44" [_thread_blocked, id=9688, stack(0x0000000024c50000,0x0000000024d50000)]
  0x000000001ea45800 JavaThread "jar transforms Thread 43" [_thread_blocked, id=22904, stack(0x0000000024b50000,0x0000000024c50000)]
  0x000000001ea3e000 JavaThread "jar transforms Thread 42" [_thread_blocked, id=20632, stack(0x0000000024a50000,0x0000000024b50000)]
  0x000000001ea44800 JavaThread "jar transforms Thread 41" [_thread_blocked, id=18832, stack(0x0000000024950000,0x0000000024a50000)]
  0x000000001ea44000 JavaThread "jar transforms Thread 40" [_thread_blocked, id=22652, stack(0x0000000024850000,0x0000000024950000)]
  0x000000001ea3c800 JavaThread "jar transforms Thread 39" [_thread_blocked, id=2696, stack(0x0000000024750000,0x0000000024850000)]
  0x000000001ea43000 JavaThread "jar transforms Thread 38" [_thread_blocked, id=13416, stack(0x0000000024650000,0x0000000024750000)]
  0x000000001ea3b800 JavaThread "jar transforms Thread 37" [_thread_blocked, id=46368, stack(0x0000000024550000,0x0000000024650000)]
  0x000000001ea42800 JavaThread "jar transforms Thread 36" [_thread_blocked, id=19836, stack(0x0000000024450000,0x0000000024550000)]
  0x000000001ea3a800 JavaThread "jar transforms Thread 35" [_thread_blocked, id=8632, stack(0x0000000024350000,0x0000000024450000)]
  0x000000001ea3e800 JavaThread "jar transforms Thread 34" [_thread_blocked, id=9212, stack(0x0000000024250000,0x0000000024350000)]
  0x000000001ea41800 JavaThread "jar transforms Thread 33" [_thread_blocked, id=8200, stack(0x0000000024150000,0x0000000024250000)]
  0x000000001ea41000 JavaThread "jar transforms Thread 32" [_thread_blocked, id=6264, stack(0x0000000024050000,0x0000000024150000)]
  0x000000001ea40000 JavaThread "jar transforms Thread 31" [_thread_blocked, id=1420, stack(0x0000000023f50000,0x0000000024050000)]
  0x000000001ea3f800 JavaThread "jar transforms Thread 30" [_thread_blocked, id=18684, stack(0x0000000023e50000,0x0000000023f50000)]
  0x000000001ea3d000 JavaThread "jar transforms Thread 29" [_thread_blocked, id=7868, stack(0x0000000023d50000,0x0000000023e50000)]
  0x000000001eea3800 JavaThread "jar transforms Thread 28" [_thread_blocked, id=11960, stack(0x0000000023c50000,0x0000000023d50000)]
  0x000000001eea3000 JavaThread "jar transforms Thread 27" [_thread_blocked, id=11040, stack(0x0000000023b50000,0x0000000023c50000)]
  0x000000001eea0800 JavaThread "jar transforms Thread 26" [_thread_blocked, id=1732, stack(0x0000000023a50000,0x0000000023b50000)]
  0x000000001ee9f000 JavaThread "jar transforms Thread 25" [_thread_blocked, id=31500, stack(0x0000000023950000,0x0000000023a50000)]
  0x000000001eea0000 JavaThread "jar transforms Thread 24" [_thread_blocked, id=21552, stack(0x0000000023850000,0x0000000023950000)]
  0x000000001ee9e000 JavaThread "jar transforms Thread 23" [_thread_blocked, id=11560, stack(0x0000000023750000,0x0000000023850000)]
  0x000000001ee9d800 JavaThread "jar transforms Thread 22" [_thread_blocked, id=15920, stack(0x0000000022090000,0x0000000022190000)]
  0x000000001eea2000 JavaThread "jar transforms Thread 21" [_thread_blocked, id=54176, stack(0x00000000234d0000,0x00000000235d0000)]
  0x000000001eea1800 JavaThread "jar transforms Thread 20" [_thread_blocked, id=16960, stack(0x00000000233d0000,0x00000000234d0000)]
  0x000000001eea4800 JavaThread "jar transforms Thread 19" [_thread_blocked, id=10316, stack(0x00000000232d0000,0x00000000233d0000)]
  0x000000001ee96000 JavaThread "jar transforms Thread 18" [_thread_blocked, id=5880, stack(0x00000000231d0000,0x00000000232d0000)]
  0x000000001ee99000 JavaThread "jar transforms Thread 17" [_thread_blocked, id=19812, stack(0x00000000230d0000,0x00000000231d0000)]
  0x000000001ee97800 JavaThread "jar transforms Thread 16" [_thread_blocked, id=3824, stack(0x0000000022fd0000,0x00000000230d0000)]
  0x000000001ee9a800 JavaThread "jar transforms Thread 15" [_thread_blocked, id=16880, stack(0x0000000022ed0000,0x0000000022fd0000)]
  0x000000001ee98000 JavaThread "jar transforms Thread 14" [_thread_blocked, id=6864, stack(0x0000000022dd0000,0x0000000022ed0000)]
  0x000000001ee9c800 JavaThread "jar transforms Thread 13" [_thread_blocked, id=42064, stack(0x0000000022cd0000,0x0000000022dd0000)]
  0x000000001ee95000 JavaThread "jar transforms Thread 12" [_thread_blocked, id=18332, stack(0x0000000022bd0000,0x0000000022cd0000)]
  0x000000001ee9c000 JavaThread "jar transforms Thread 11" [_thread_blocked, id=11696, stack(0x0000000022ad0000,0x0000000022bd0000)]
  0x000000001ee96800 JavaThread "jar transforms Thread 10" [_thread_blocked, id=48160, stack(0x00000000229d0000,0x0000000022ad0000)]
  0x000000001ee99800 JavaThread "jar transforms Thread 9" [_thread_blocked, id=52820, stack(0x00000000228d0000,0x00000000229d0000)]
  0x000000001ee9b000 JavaThread "jar transforms Thread 8" [_thread_blocked, id=42288, stack(0x00000000227d0000,0x00000000228d0000)]
  0x000000001aa43000 JavaThread "jar transforms Thread 7" [_thread_blocked, id=42276, stack(0x00000000226d0000,0x00000000227d0000)]
  0x000000001aa45000 JavaThread "jar transforms Thread 6" [_thread_blocked, id=2564, stack(0x00000000225d0000,0x00000000226d0000)]
  0x000000001aa43800 JavaThread "jar transforms Thread 5" [_thread_blocked, id=44300, stack(0x00000000224d0000,0x00000000225d0000)]
  0x000000001aa44800 JavaThread "jar transforms Thread 4" [_thread_blocked, id=8224, stack(0x00000000223d0000,0x00000000224d0000)]
  0x000000001aa42000 JavaThread "jar transforms Thread 3" [_thread_blocked, id=8844, stack(0x00000000222d0000,0x00000000223d0000)]
  0x000000001aa40800 JavaThread "jar transforms Thread 2" [_thread_blocked, id=1584, stack(0x00000000221d0000,0x00000000222d0000)]
  0x0000000018be0800 JavaThread "Cache worker for file content cache (C:\Users\MD ZAKARIA\.gradle\caches\6.5\fileContent)" [_thread_blocked, id=9104, stack(0x0000000020e80000,0x0000000020f80000)]
  0x0000000018bdf000 JavaThread "jar transforms" [_thread_blocked, id=20968, stack(0x0000000020d80000,0x0000000020e80000)]
  0x0000000018be2000 JavaThread "Cache worker for execution history cache (C:\Users\MD ZAKARIA\.gradle\caches\6.5\executionHistory)" [_thread_blocked, id=8140, stack(0x0000000020680000,0x0000000020780000)]
  0x0000000018bdf800 JavaThread "Cache worker for file hash cache (C:\Users\MD ZAKARIA\.gradle\caches\6.5\fileHashes)" [_thread_blocked, id=23220, stack(0x000000001ca70000,0x000000001cb70000)]
  0x0000000018be5000 JavaThread "File lock request listener" [_thread_in_native, id=15732, stack(0x000000001c970000,0x000000001ca70000)]
  0x0000000017c8d800 JavaThread "Cache worker for journal cache (C:\Users\MD ZAKARIA\.gradle\caches\journal-1)" [_thread_blocked, id=20600, stack(0x000000001c870000,0x000000001c970000)]
  0x000000001a61b000 JavaThread "Daemon worker" [_thread_blocked, id=9836, stack(0x000000001c270000,0x000000001c370000)]
  0x000000001a5fa800 JavaThread "Daemon" [_thread_blocked, id=7928, stack(0x000000001bd70000,0x000000001be70000)]
  0x000000001a656800 JavaThread "Daemon periodic checks" [_thread_blocked, id=15760, stack(0x000000001bc70000,0x000000001bd70000)]
  0x000000001a30f800 JavaThread "Incoming local TCP Connector on port 51866" [_thread_in_native, id=15524, stack(0x000000001ba30000,0x000000001bb30000)]
  0x000000001a21e000 JavaThread "Daemon health stats" [_thread_blocked, id=9760, stack(0x000000001b3f0000,0x000000001b4f0000)]
  0x0000000017c14800 JavaThread "Service Thread" daemon [_thread_blocked, id=7744, stack(0x0000000018850000,0x0000000018950000)]
  0x0000000017b91000 JavaThread "C1 CompilerThread3" daemon [_thread_in_native, id=22964, stack(0x0000000018750000,0x0000000018850000)]
  0x0000000017b8a000 JavaThread "C2 CompilerThread2" daemon [_thread_in_native, id=2164, stack(0x0000000018650000,0x0000000018750000)]
=>0x0000000015d6b800 JavaThread "C2 CompilerThread1" daemon [_thread_in_native, id=13288, stack(0x0000000018550000,0x0000000018650000)]
  0x0000000017b86000 JavaThread "C2 CompilerThread0" daemon [_thread_in_native, id=12648, stack(0x0000000018450000,0x0000000018550000)]
  0x0000000017b85000 JavaThread "Attach Listener" daemon [_thread_blocked, id=13460, stack(0x0000000018350000,0x0000000018450000)]
  0x0000000017b83800 JavaThread "Signal Dispatcher" daemon [_thread_blocked, id=20796, stack(0x0000000018250000,0x0000000018350000)]
  0x0000000017b71000 JavaThread "Finalizer" daemon [_thread_blocked, id=18948, stack(0x0000000018050000,0x0000000018150000)]
  0x0000000017b70800 JavaThread "Reference Handler" daemon [_thread_blocked, id=7872, stack(0x0000000017f50000,0x0000000018050000)]
  0x0000000002fae800 JavaThread "main" [_thread_blocked, id=3816, stack(0x0000000003040000,0x0000000003140000)]

Other Threads:
  0x0000000015d56000 VMThread [stack: 0x0000000017a50000,0x0000000017b50000] [id=13344]
  0x0000000017c15000 WatcherThread [stack: 0x0000000018950000,0x0000000018a50000] [id=15908]

VM state:not at safepoint (normal execution)

VM Mutex/Monitor currently owned by a thread: None

heap address: 0x00000000c0000000, size: 1024 MB, Compressed Oops mode: 32-bit
Narrow klass base: 0x0000000000000000, Narrow klass shift: 3
Compressed class space size: 1073741824 Address: 0x0000000100000000

Heap:
 PSYoungGen      total 263680K, used 157188K [0x00000000eab00000, 0x0000000100000000, 0x0000000100000000)
  eden space 178176K, 88% used [0x00000000eab00000,0x00000000f44812c0,0x00000000f5900000)
  from space 85504K, 0% used [0x00000000f5900000,0x00000000f5900000,0x00000000fac80000)
  to   space 80384K, 0% used [0x00000000fb180000,0x00000000fb180000,0x0000000100000000)
 ParOldGen       total 309760K, used 62007K [0x00000000c0000000, 0x00000000d2e80000, 0x00000000eab00000)
  object space 309760K, 20% used [0x00000000c0000000,0x00000000c3c8dea8,0x00000000d2e80000)
 Metaspace       used 95894K, capacity 101113K, committed 101208K, reserved 1136640K
  class space    used 12636K, capacity 13625K, committed 13696K, reserved 1048576K

Card table byte_map: [0x0000000012600000,0x0000000012810000] byte_map_base: 0x0000000012000000

Marking Bits: (ParMarkBitMap*) 0x000000005852f030
 Begin Bits: [0x0000000013170000, 0x0000000014170000)
 End Bits:   [0x0000000014170000, 0x0000000015170000)

Polling page: 0x00000000016c0000

CodeCache: size=245760Kb used=43701Kb max_used=43701Kb free=202058Kb
 bounds [0x0000000003240000, 0x0000000005d30000, 0x0000000012240000]
 total_blobs=15351 nmethods=14369 adapters=893
 compilation: enabled

Compilation events (10 events):
Event: 69.110 Thread 0x0000000017b91000 nmethod 17992 0x0000000005d16b50 code [0x0000000005d16ca0, 0x0000000005d16e70]
Event: 69.110 Thread 0x0000000017b91000 17981       2       com.android.tools.r8.q.a.a.b.Z0::d (17 bytes)
Event: 69.110 Thread 0x0000000017b91000 nmethod 17981 0x0000000005d16f10 code [0x0000000005d17060, 0x0000000005d171d0]
Event: 69.110 Thread 0x0000000017b91000 17982       2       com.android.tools.r8.q.a.a.b.Z0::a (48 bytes)
Event: 69.111 Thread 0x0000000017b91000 nmethod 17982 0x0000000005d172d0 code [0x0000000005d17440, 0x0000000005d17628]
Event: 69.111 Thread 0x0000000017b91000 17983       2       com.android.tools.r8.q.a.a.a.s::doHash (5 bytes)
Event: 69.111 Thread 0x0000000017b91000 nmethod 17983 0x0000000005d17710 code [0x0000000005d17880, 0x0000000005d17a08]
Event: 69.111 Thread 0x0000000017b91000 17999       2       java.util.IdentityHashMap::closeDeletion (107 bytes)
Event: 69.111 Thread 0x0000000017b91000 nmethod 17999 0x0000000005d17a90 code [0x0000000005d17c20, 0x0000000005d18068]
Event: 69.111 Thread 0x0000000017b91000 18001 %     3       com.android.tools.r8.graph.I0$b::a @ 77 (680 bytes)

GC Heap History (10 events):
Event: 65.948 GC heap before
{Heap before GC invocations=19 (full 3):
 PSYoungGen      total 289792K, used 289440K [0x00000000eab00000, 0x0000000100000000, 0x0000000100000000)
  eden space 237568K, 100% used [0x00000000eab00000,0x00000000f9300000,0x00000000f9300000)
  from space 52224K, 99% used [0x00000000f9300000,0x00000000fc5a8398,0x00000000fc600000)
  to   space 59392K, 0% used [0x00000000fc600000,0x00000000fc600000,0x0000000100000000)
 ParOldGen       total 233984K, used 114546K [0x00000000c0000000, 0x00000000ce480000, 0x00000000eab00000)
  object space 233984K, 48% used [0x00000000c0000000,0x00000000c6fdcb60,0x00000000ce480000)
 Metaspace       used 85722K, capacity 90294K, committed 90584K, reserved 1128448K
  class space    used 11365K, capacity 12210K, committed 12288K, reserved 1048576K
Event: 65.978 GC heap after
Heap after GC invocations=19 (full 3):
 PSYoungGen      total 276480K, used 41674K [0x00000000eab00000, 0x0000000100000000, 0x0000000100000000)
  eden space 217088K, 0% used [0x00000000eab00000,0x00000000eab00000,0x00000000f7f00000)
  from space 59392K, 70% used [0x00000000fc600000,0x00000000feeb29d0,0x0000000100000000)
  to   space 66048K, 0% used [0x00000000f7f00000,0x00000000f7f00000,0x00000000fbf80000)
 ParOldGen       total 233984K, used 114554K [0x00000000c0000000, 0x00000000ce480000, 0x00000000eab00000)
  object space 233984K, 48% used [0x00000000c0000000,0x00000000c6fdeb60,0x00000000ce480000)
 Metaspace       used 85722K, capacity 90294K, committed 90584K, reserved 1128448K
  class space    used 11365K, capacity 12210K, committed 12288K, reserved 1048576K
}
Event: 66.841 GC heap before
{Heap before GC invocations=20 (full 3):
 PSYoungGen      total 276480K, used 258762K [0x00000000eab00000, 0x0000000100000000, 0x0000000100000000)
  eden space 217088K, 100% used [0x00000000eab00000,0x00000000f7f00000,0x00000000f7f00000)
  from space 59392K, 70% used [0x00000000fc600000,0x00000000feeb29d0,0x0000000100000000)
  to   space 66048K, 0% used [0x00000000f7f00000,0x00000000f7f00000,0x00000000fbf80000)
 ParOldGen       total 233984K, used 114554K [0x00000000c0000000, 0x00000000ce480000, 0x00000000eab00000)
  object space 233984K, 48% used [0x00000000c0000000,0x00000000c6fdeb60,0x00000000ce480000)
 Metaspace       used 90307K, capacity 95062K, committed 95320K, reserved 1132544K
  class space    used 11953K, capacity 12822K, committed 12928K, reserved 1048576K
Event: 66.909 GC heap after
Heap after GC invocations=20 (full 3):
 PSYoungGen      total 283136K, used 66035K [0x00000000eab00000, 0x0000000100000000, 0x0000000100000000)
  eden space 217088K, 0% used [0x00000000eab00000,0x00000000eab00000,0x00000000f7f00000)
  from space 66048K, 99% used [0x00000000f7f00000,0x00000000fbf7cf38,0x00000000fbf80000)
  to   space 66048K, 0% used [0x00000000fbf80000,0x00000000fbf80000,0x0000000100000000)
 ParOldGen       total 233984K, used 149428K [0x00000000c0000000, 0x00000000ce480000, 0x00000000eab00000)
  object space 233984K, 63% used [0x00000000c0000000,0x00000000c91ed268,0x00000000ce480000)
 Metaspace       used 90307K, capacity 95062K, committed 95320K, reserved 1132544K
  class space    used 11953K, capacity 12822K, committed 12928K, reserved 1048576K
}
Event: 68.031 GC heap before
{Heap before GC invocations=21 (full 3):
 PSYoungGen      total 283136K, used 283123K [0x00000000eab00000, 0x0000000100000000, 0x0000000100000000)
  eden space 217088K, 100% used [0x00000000eab00000,0x00000000f7f00000,0x00000000f7f00000)
  from space 66048K, 99% used [0x00000000f7f00000,0x00000000fbf7cf38,0x00000000fbf80000)
  to   space 66048K, 0% used [0x00000000fbf80000,0x00000000fbf80000,0x0000000100000000)
 ParOldGen       total 233984K, used 149428K [0x00000000c0000000, 0x00000000ce480000, 0x00000000eab00000)
  object space 233984K, 63% used [0x00000000c0000000,0x00000000c91ed268,0x00000000ce480000)
 Metaspace       used 92943K, capacity 97870K, committed 98136K, reserved 1134592K
  class space    used 12204K, capacity 13131K, committed 13184K, reserved 1048576K
Event: 68.088 GC heap after
Heap after GC invocations=21 (full 3):
 PSYoungGen      total 244224K, used 37919K [0x00000000eab00000, 0x0000000100000000, 0x0000000100000000)
  eden space 178176K, 0% used [0x00000000eab00000,0x00000000eab00000,0x00000000f5900000)
  from space 66048K, 57% used [0x00000000fbf80000,0x00000000fe487f50,0x0000000100000000)
  to   space 85504K, 0% used [0x00000000f5900000,0x00000000f5900000,0x00000000fac80000)
 ParOldGen       total 233984K, used 173651K [0x00000000c0000000, 0x00000000ce480000, 0x00000000eab00000)
  object space 233984K, 74% used [0x00000000c0000000,0x00000000ca994c70,0x00000000ce480000)
 Metaspace       used 92943K, capacity 97870K, committed 98136K, reserved 1134592K
  class space    used 12204K, capacity 13131K, committed 13184K, reserved 1048576K
}
Event: 68.133 GC heap before
{Heap before GC invocations=22 (full 3):
 PSYoungGen      total 244224K, used 49909K [0x00000000eab00000, 0x0000000100000000, 0x0000000100000000)
  eden space 178176K, 6% used [0x00000000eab00000,0x00000000eb6b5878,0x00000000f5900000)
  from space 66048K, 57% used [0x00000000fbf80000,0x00000000fe487f50,0x0000000100000000)
  to   space 85504K, 0% used [0x00000000f5900000,0x00000000f5900000,0x00000000fac80000)
 ParOldGen       total 233984K, used 173651K [0x00000000c0000000, 0x00000000ce480000, 0x00000000eab00000)
  object space 233984K, 74% used [0x00000000c0000000,0x00000000ca994c70,0x00000000ce480000)
 Metaspace       used 93132K, capacity 98157K, committed 98280K, reserved 1134592K
  class space    used 12239K, capacity 13184K, committed 13184K, reserved 1048576K
Event: 68.155 GC heap after
Heap after GC invocations=22 (full 3):
 PSYoungGen      total 263680K, used 34954K [0x00000000eab00000, 0x0000000100000000, 0x0000000100000000)
  eden space 178176K, 0% used [0x00000000eab00000,0x00000000eab00000,0x00000000f5900000)
  from space 85504K, 40% used [0x00000000f5900000,0x00000000f7b229e0,0x00000000fac80000)
  to   space 80384K, 0% used [0x00000000fb180000,0x00000000fb180000,0x0000000100000000)
 ParOldGen       total 233984K, used 173659K [0x00000000c0000000, 0x00000000ce480000, 0x00000000eab00000)
  object space 233984K, 74% used [0x00000000c0000000,0x00000000ca996c70,0x00000000ce480000)
 Metaspace       used 93132K, capacity 98157K, committed 98280K, reserved 1134592K
  class space    used 12239K, capacity 13184K, committed 13184K, reserved 1048576K
}
Event: 68.155 GC heap before
{Heap before GC invocations=23 (full 4):
 PSYoungGen      total 263680K, used 34954K [0x00000000eab00000, 0x0000000100000000, 0x0000000100000000)
  eden space 178176K, 0% used [0x00000000eab00000,0x00000000eab00000,0x00000000f5900000)
  from space 85504K, 40% used [0x00000000f5900000,0x00000000f7b229e0,0x00000000fac80000)
  to   space 80384K, 0% used [0x00000000fb180000,0x00000000fb180000,0x0000000100000000)
 ParOldGen       total 233984K, used 173659K [0x00000000c0000000, 0x00000000ce480000, 0x00000000eab00000)
  object space 233984K, 74% used [0x00000000c0000000,0x00000000ca996c70,0x00000000ce480000)
 Metaspace       used 93132K, capacity 98157K, committed 98280K, reserved 1134592K
  class space    used 12239K, capacity 13184K, committed 13184K, reserved 1048576K
Event: 68.401 GC heap after
Heap after GC invocations=23 (full 4):
 PSYoungGen      total 263680K, used 0K [0x00000000eab00000, 0x0000000100000000, 0x0000000100000000)
  eden space 178176K, 0% used [0x00000000eab00000,0x00000000eab00000,0x00000000f5900000)
  from space 85504K, 0% used [0x00000000f5900000,0x00000000f5900000,0x00000000fac80000)
  to   space 80384K, 0% used [0x00000000fb180000,0x00000000fb180000,0x0000000100000000)
 ParOldGen       total 309760K, used 62007K [0x00000000c0000000, 0x00000000d2e80000, 0x00000000eab00000)
  object space 309760K, 20% used [0x00000000c0000000,0x00000000c3c8dea8,0x00000000d2e80000)
 Metaspace       used 92643K, capacity 97147K, committed 98280K, reserved 1134592K
  class space    used 12139K, capacity 13005K, committed 13184K, reserved 1048576K
}

Deoptimization events (10 events):
Event: 68.959 Thread 0x000000001ac0d000 Uncommon trap: reason=unstable_if action=reinterpret pc=0x0000000005aa3a74 method=com.android.tools.r8.graph.G.collectMixedSectionItems(Lcom/android/tools/r8/dex/F;)V @ 12
Event: 68.969 Thread 0x000000001f3cb000 Uncommon trap: reason=bimorphic action=maybe_recompile pc=0x0000000004bb4134 method=java.util.Collections$UnmodifiableCollection.contains(Ljava/lang/Object;)Z @ 5
Event: 68.986 Thread 0x000000002a4b2000 Uncommon trap: reason=bimorphic action=maybe_recompile pc=0x00000000037063e8 method=com.android.tools.r8.q.a.a.b.J0.k()Ljava/lang/Object; @ 27
Event: 68.986 Thread 0x000000002a4b2000 Uncommon trap: reason=bimorphic action=maybe_recompile pc=0x00000000037063e8 method=com.android.tools.r8.q.a.a.b.J0.k()Ljava/lang/Object; @ 27
Event: 68.986 Thread 0x000000002a4b2000 Uncommon trap: reason=bimorphic action=maybe_recompile pc=0x00000000037063e8 method=com.android.tools.r8.q.a.a.b.J0.k()Ljava/lang/Object; @ 27
Event: 68.986 Thread 0x000000002a4b2000 Uncommon trap: reason=bimorphic action=maybe_recompile pc=0x00000000037063e8 method=com.android.tools.r8.q.a.a.b.J0.k()Ljava/lang/Object; @ 27
Event: 68.987 Thread 0x000000001ac0d000 Uncommon trap: reason=unstable_if action=reinterpret pc=0x0000000005ae4fb4 method=com.android.tools.r8.graph.G.collectMixedSectionItems(Lcom/android/tools/r8/dex/F;)V @ 12
Event: 68.996 Thread 0x000000001ac0d000 Uncommon trap: reason=unstable_if action=reinterpret pc=0x000000000513c7bc method=com.android.tools.r8.graph.G.b()Lcom/android/tools/r8/graph/N; @ 4
Event: 68.996 Thread 0x000000001ac0d000 Uncommon trap: reason=unstable_if action=reinterpret pc=0x0000000004ea8a88 method=com.android.tools.r8.dex.t.a(Ljava/lang/Object;Lcom/android/tools/r8/t/a/a/a/h/Q;)I @ 1
Event: 69.014 Thread 0x000000001ac0d000 Uncommon trap: reason=unstable_if action=reinterpret pc=0x000000000577d0d8 method=java.nio.DirectByteBuffer.put([BII)Ljava/nio/ByteBuffer; @ 8

Classes redefined (0 events):
No events

Internal exceptions (10 events):
Event: 69.014 Thread 0x000000002a4b2000 Exception <a 'sun/nio/fs/WindowsException'> (0x00000000f22d2768) thrown at [C:\src\AOSP-openjdk-git\hotspot\src\share\vm\prims\jni.cpp, line 710]
Event: 69.014 Thread 0x000000002a4b2000 Exception <a 'sun/nio/fs/WindowsException'> (0x00000000f22d35a0) thrown at [C:\src\AOSP-openjdk-git\hotspot\src\share\vm\prims\jni.cpp, line 710]
Event: 69.014 Thread 0x000000002a4b2000 Exception <a 'sun/nio/fs/WindowsException'> (0x00000000f22d3ad8) thrown at [C:\src\AOSP-openjdk-git\hotspot\src\share\vm\prims\jni.cpp, line 710]
Event: 69.014 Thread 0x000000002a4b2000 Exception <a 'sun/nio/fs/WindowsException'> (0x00000000f22d4900) thrown at [C:\src\AOSP-openjdk-git\hotspot\src\share\vm\prims\jni.cpp, line 710]
Event: 69.067 Thread 0x000000001f3cb000 Exception <a 'sun/nio/fs/WindowsException'> (0x00000000f2771070) thrown at [C:\src\AOSP-openjdk-git\hotspot\src\share\vm\prims\jni.cpp, line 710]
Event: 69.073 Thread 0x000000001f3cb000 Exception <a 'sun/nio/fs/WindowsException'> (0x00000000f277ffa8) thrown at [C:\src\AOSP-openjdk-git\hotspot\src\share\vm\prims\jni.cpp, line 710]
Event: 69.075 Thread 0x000000001f3cb000 Exception <a 'sun/nio/fs/WindowsException'> (0x00000000f2787130) thrown at [C:\src\AOSP-openjdk-git\hotspot\src\share\vm\prims\jni.cpp, line 710]
Event: 69.084 Thread 0x000000002a4b2000 Exception <a 'sun/nio/fs/WindowsException'> (0x00000000f22de5c8) thrown at [C:\src\AOSP-openjdk-git\hotspot\src\share\vm\prims\jni.cpp, line 710]
Event: 69.091 Thread 0x000000001f3cb000 Exception <a 'sun/nio/fs/WindowsException'> (0x00000000f3926f58) thrown at [C:\src\AOSP-openjdk-git\hotspot\src\share\vm\prims\jni.cpp, line 710]
Event: 69.093 Thread 0x000000001f3cb000 Exception <a 'sun/nio/fs/WindowsException'> (0x00000000f396e690) thrown at [C:\src\AOSP-openjdk-git\hotspot\src\share\vm\prims\jni.cpp, line 710]

Events (10 events):
Event: 69.036 Thread 0x0000000015d6b800 flushing nmethod 0x000000000551ab90
Event: 69.036 Thread 0x0000000015d6b800 flushing nmethod 0x00000000055a0410
Event: 69.037 Thread 0x0000000015d6b800 flushing nmethod 0x0000000005707950
Event: 69.037 Thread 0x0000000015d6b800 flushing nmethod 0x000000000571c4d0
Event: 69.062 Thread 0x000000001ac0c800 DEOPT PACKING pc=0x00000000034ab079 sp=0x000000002c8dc6d0
Event: 69.062 Thread 0x000000001ac0c800 DEOPT UNPACKING pc=0x00000000032875d0 sp=0x000000002c8dc430 mode 0
Event: 69.078 Thread 0x000000001ac12800 DEOPT PACKING pc=0x0000000004a6dd6c sp=0x000000002edeeb40
Event: 69.078 Thread 0x000000001ac12800 DEOPT UNPACKING pc=0x00000000032875d0 sp=0x000000002edee958 mode 0
Event: 69.103 Thread 0x000000001ac11000 DEOPT PACKING pc=0x0000000004694087 sp=0x000000002cedd000
Event: 69.103 Thread 0x000000001ac11000 DEOPT UNPACKING pc=0x00000000032875d0 sp=0x000000002cedcd58 mode 0


Dynamic libraries:
0x00007ff632130000 - 0x00007ff632161000 	C:\Program Files\Android\Android Studio\jre\bin\java.exe
0x00007ff94a0b0000 - 0x00007ff94a2a6000 	C:\WINDOWS\SYSTEM32\ntdll.dll
0x00007ff949a00000 - 0x00007ff949abd000 	C:\WINDOWS\System32\KERNEL32.DLL
0x00007ff947a80000 - 0x00007ff947d49000 	C:\WINDOWS\System32\KERNELBASE.dll
0x00007ff9498e0000 - 0x00007ff94998c000 	C:\WINDOWS\System32\ADVAPI32.dll
0x00007ff948860000 - 0x00007ff9488fe000 	C:\WINDOWS\System32\msvcrt.dll
0x00007ff948ee0000 - 0x00007ff948f7c000 	C:\WINDOWS\System32\sechost.dll
0x00007ff949b40000 - 0x00007ff949c6b000 	C:\WINDOWS\System32\RPCRT4.dll
0x00007ff948d40000 - 0x00007ff948ee0000 	C:\WINDOWS\System32\USER32.dll
0x00007ff947e00000 - 0x00007ff947e22000 	C:\WINDOWS\System32\win32u.dll
0x00007ff94a040000 - 0x00007ff94a06a000 	C:\WINDOWS\System32\GDI32.dll
0x00007ff9477f0000 - 0x00007ff9478fb000 	C:\WINDOWS\System32\gdi32full.dll
0x00007ff947eb0000 - 0x00007ff947f4d000 	C:\WINDOWS\System32\msvcp_win.dll
0x00007ff947900000 - 0x00007ff947a00000 	C:\WINDOWS\System32\ucrtbase.dll
0x00007ff9378b0000 - 0x00007ff937b4b000 	C:\WINDOWS\WinSxS\amd64_microsoft.windows.common-controls_6595b64144ccf1df_6.0.19041.746_none_ca02b4b61b8320a4\COMCTL32.dll
0x00007ff949ed0000 - 0x00007ff949f00000 	C:\WINDOWS\System32\IMM32.DLL
0x0000000057c80000 - 0x0000000057d52000 	C:\Program Files\Android\Android Studio\jre\jre\bin\msvcr100.dll
0x0000000057d60000 - 0x00000000585ab000 	C:\Program Files\Android\Android Studio\jre\jre\bin\server\jvm.dll
0x00007ff949ec0000 - 0x00007ff949ec8000 	C:\WINDOWS\System32\PSAPI.DLL
0x00007ff940350000 - 0x00007ff94035a000 	C:\WINDOWS\SYSTEM32\VERSION.dll
0x00007ff9425e0000 - 0x00007ff942607000 	C:\WINDOWS\SYSTEM32\WINMM.dll
0x00007ff9361e0000 - 0x00007ff9361e9000 	C:\WINDOWS\SYSTEM32\WSOCK32.dll
0x00007ff9496b0000 - 0x00007ff94971b000 	C:\WINDOWS\System32\ws2_32.DLL
0x00007ff942c30000 - 0x00007ff942c3f000 	C:\Program Files\Android\Android Studio\jre\jre\bin\verify.dll
0x00007ff936ce0000 - 0x00007ff936d09000 	C:\Program Files\Android\Android Studio\jre\jre\bin\java.dll
0x00007ff942a90000 - 0x00007ff942aa6000 	C:\Program Files\Android\Android Studio\jre\jre\bin\zip.dll
0x00007ff948110000 - 0x00007ff948853000 	C:\WINDOWS\System32\SHELL32.dll
0x00007ff945930000 - 0x00007ff9460bf000 	C:\WINDOWS\SYSTEM32\windows.storage.dll
0x00007ff9489e0000 - 0x00007ff948d36000 	C:\WINDOWS\System32\combase.dll
0x00007ff947250000 - 0x00007ff94727c000 	C:\WINDOWS\SYSTEM32\Wldp.dll
0x00007ff949f00000 - 0x00007ff949fae000 	C:\WINDOWS\System32\SHCORE.dll
0x00007ff949520000 - 0x00007ff949575000 	C:\WINDOWS\System32\shlwapi.dll
0x00007ff947720000 - 0x00007ff947746000 	C:\WINDOWS\SYSTEM32\profapi.dll
0x00007ff93d400000 - 0x00007ff93d41a000 	C:\Program Files\Android\Android Studio\jre\jre\bin\net.dll
0x00007ff946fd0000 - 0x00007ff94703a000 	C:\WINDOWS\system32\mswsock.dll
0x00007ff93b220000 - 0x00007ff93b233000 	C:\Program Files\Android\Android Studio\jre\jre\bin\nio.dll
0x00007ff9409f0000 - 0x00007ff940a17000 	C:\Users\MD ZAKARIA\.gradle\native\f6784746aeab05261644944871eae4fe03e0ef1612fff0a4a95f87b438bc6780\windows-amd64\native-platform.dll
0x00007ff941f20000 - 0x00007ff941f2d000 	C:\Program Files\Android\Android Studio\jre\jre\bin\management.dll
0x00007ff9471a0000 - 0x00007ff9471b8000 	C:\WINDOWS\SYSTEM32\CRYPTSP.dll
0x00007ff946900000 - 0x00007ff946934000 	C:\WINDOWS\system32\rsaenh.dll
0x00007ff947a50000 - 0x00007ff947a77000 	C:\WINDOWS\System32\bcrypt.dll
0x00007ff9476e0000 - 0x00007ff94770e000 	C:\WINDOWS\SYSTEM32\USERENV.dll
0x00007ff947e30000 - 0x00007ff947eb0000 	C:\WINDOWS\System32\bcryptprimitives.dll
0x00007ff9471c0000 - 0x00007ff9471cc000 	C:\WINDOWS\SYSTEM32\CRYPTBASE.dll
0x00007ff946c70000 - 0x00007ff946cab000 	C:\WINDOWS\SYSTEM32\IPHLPAPI.DLL
0x00007ff949720000 - 0x00007ff949728000 	C:\WINDOWS\System32\NSI.dll
0x00007ff93f6a0000 - 0x00007ff93f6b7000 	C:\WINDOWS\SYSTEM32\dhcpcsvc6.DLL
0x00007ff93f720000 - 0x00007ff93f73d000 	C:\WINDOWS\SYSTEM32\dhcpcsvc.DLL
0x00007ff946cb0000 - 0x00007ff946d7b000 	C:\WINDOWS\SYSTEM32\DNSAPI.dll
0x00007ff940360000 - 0x00007ff94036b000 	C:\WINDOWS\SYSTEM32\WINNSI.DLL
0x00007ff915830000 - 0x00007ff9159cc000 	C:\Program Files\Android\Android Studio\jre\jre\bin\awt.dll
0x00007ff948f80000 - 0x00007ff94904d000 	C:\WINDOWS\System32\OLEAUT32.dll
0x00007ff9450b0000 - 0x00007ff9450df000 	C:\WINDOWS\SYSTEM32\dwmapi.dll
0x00007ff9435b0000 - 0x00007ff943b70000 	C:\WINDOWS\SYSTEM32\d2d1.dll
0x00007ff944670000 - 0x00007ff944700000 	C:\WINDOWS\SYSTEM32\apphelp.dll
0x00007ff9447a0000 - 0x00007ff94483e000 	C:\WINDOWS\system32\uxtheme.dll

VM Arguments:
jvm_args: -Xmx1024m -Dfile.encoding=windows-1252 -Duser.country=US -Duser.language=en -Duser.variant 
java_command: org.gradle.launcher.daemon.bootstrap.GradleDaemon 6.5
java_class_path (initial): C:\Users\MD ZAKARIA\.gradle\wrapper\dists\gradle-6.5-bin\6nifqtx7604sqp1q6g8wikw7p\gradle-6.5\lib\gradle-launcher-6.5.jar
Launcher Type: SUN_STANDARD

Environment Variables:
PATH=C:\WINDOWS\system32;C:\WINDOWS;C:\WINDOWS\System32\Wbem;C:\WINDOWS\System32\WindowsPowerShell\v1.0\;C:\xampp\php;C:\ProgramData\ComposerSetup\bin;C:\WINDOWS\System32\OpenSSH\;C:\src\flutter\bin;C:\Users\MD ZAKARIA\AppData\Local\Android\Sdk\platform-tools;C:\Program Files\Git\cmd;C:\Program Files\Git\bin;C:\Users\MD ZAKARIA\AppData\Local\atom\bin;C:\Users\MD ZAKARIA\AppData\Roaming\Composer\vendor\bin;C:\Users\MD ZAKARIA\AppData\Local\Microsoft\WindowsApps;C:\src\flutter\bin;C:\Users\MD ZAKARIA\AppData\Local\Android\Sdk\platform-tools;C:\Program Files\Git\bin;
USERNAME=MD ZAKARIA
OS=Windows_NT
PROCESSOR_IDENTIFIER=Intel64 Family 6 Model 142 Stepping 10, GenuineIntel



---------------  S Y S T E M  ---------------

OS: Windows 10.0 , 64 bit Build 19041 (10.0.19041.662)

CPU:total 8 (initial active 8) (4 cores per cpu, 2 threads per core) family 6 model 142 stepping 10, cmov, cx8, fxsr, mmx, sse, sse2, sse3, ssse3, sse4.1, sse4.2, popcnt, avx, avx2, aes, clmul, erms, 3dnowpref, lzcnt, ht, tsc, tscinvbit, bmi1, bmi2, adx

Memory: 4k page, physical 16660712k(241928k free), swap 47841728k(4136k free)

vm_info: OpenJDK 64-Bit Server VM (25.242-b01) for windows-amd64 JRE (1.8.0_242-release-1644-b01), built by "builder" with MS VC++ 10.0 (VS2010)

time: Sun Jan 24 23:33:05 2021
timezone: Bangladesh Standard Time
elapsed time: 69 seconds (0d 0h 1m 9s)

